Build started 28-05-2013 00:33:59.
     1>Project "C:\Users\Joao Trindade\CAL_Proj2\CAL_Proj2\CAL_Proj2\CAL_Proj2.vcxproj" on node 2 (build target(s)).
     1>InitializeBuildStatus:
         Creating "Debug\CAL_Proj2.unsuccessfulbuild" because "AlwaysCreate" was specified.
       ClCompile:
         c:\Program Files (x86)\Microsoft Visual Studio 10.0\VC\bin\CL.exe /c /ZI /nologo /W3 /WX- /Od /Oy- /D WIN32 /D _DEBUG /D _CONSOLE /D _UNICODE /D UNICODE /Gm /EHsc /RTC1 /MDd /GS /fp:precise /Zc:wchar_t /Zc:forScope /Fo"Debug\\" /Fd"Debug\vc100.pdb" /Gd /TP /analyze- /errorReport:prompt main.cpp
         main.cpp
     1>c:\users\joao trindade\cal_proj2\cal_proj2\cal_proj2\main.cpp(16): warning C4018: '<' : signed/unsigned mismatch
     1>c:\users\joao trindade\cal_proj2\cal_proj2\cal_proj2\main.cpp(17): warning C4018: '<' : signed/unsigned mismatch
     1>c:\users\joao trindade\cal_proj2\cal_proj2\cal_proj2\main.cpp(20): warning C4018: '<' : signed/unsigned mismatch
     1>c:\users\joao trindade\cal_proj2\cal_proj2\cal_proj2\main.cpp(22): warning C4018: '<' : signed/unsigned mismatch
     1>c:\users\joao trindade\cal_proj2\cal_proj2\cal_proj2\main.cpp(49): warning C4018: '<' : signed/unsigned mismatch
     1>c:\users\joao trindade\cal_proj2\cal_proj2\cal_proj2\main.cpp(51): warning C4018: '<' : signed/unsigned mismatch
     1>c:\users\joao trindade\cal_proj2\cal_proj2\cal_proj2\main.cpp(55): warning C4018: '<' : signed/unsigned mismatch
     1>c:\users\joao trindade\cal_proj2\cal_proj2\cal_proj2\main.cpp(228): warning C4018: '<' : signed/unsigned mismatch
     1>c:\users\joao trindade\cal_proj2\cal_proj2\cal_proj2\main.cpp(279): warning C4018: '<' : signed/unsigned mismatch
       ManifestResourceCompile:
         C:\Program Files (x86)\Microsoft SDKs\Windows\v7.0A\bin\rc.exe /nologo /fo"Debug\CAL_Proj2.exe.embed.manifest.res" Debug\CAL_Proj2_manifest.rc 
       Link:
         c:\Program Files (x86)\Microsoft Visual Studio 10.0\VC\bin\link.exe /ERRORREPORT:PROMPT /OUT:"C:\Users\Joao Trindade\CAL_Proj2\CAL_Proj2\Debug\CAL_Proj2.exe" /INCREMENTAL /NOLOGO kernel32.lib user32.lib gdi32.lib winspool.lib comdlg32.lib advapi32.lib shell32.lib ole32.lib oleaut32.lib uuid.lib odbc32.lib odbccp32.lib /MANIFEST /ManifestFile:"Debug\CAL_Proj2.exe.intermediate.manifest" /MANIFESTUAC:"level='asInvoker' uiAccess='false'" /DEBUG /PDB:"C:\Users\Joao Trindade\CAL_Proj2\CAL_Proj2\Debug\CAL_Proj2.pdb" /SUBSYSTEM:CONSOLE /TLBID:1 /DYNAMICBASE /NXCOMPAT /IMPLIB:"C:\Users\Joao Trindade\CAL_Proj2\CAL_Proj2\Debug\CAL_Proj2.lib" /MACHINE:X86 Debug\CAL_Proj2.exe.embed.manifest.res
         Debug\main.obj
         LINK : C:\Users\Joao Trindade\CAL_Proj2\CAL_Proj2\Debug\CAL_Proj2.exe not found or not built by the last incremental link; performing full link
       Manifest:
         C:\Program Files (x86)\Microsoft SDKs\Windows\v7.0A\bin\mt.exe /nologo /verbose /out:"Debug\CAL_Proj2.exe.embed.manifest" /manifest Debug\CAL_Proj2.exe.intermediate.manifest
         All outputs are up-to-date.
       LinkEmbedManifest:
         All outputs are up-to-date.
         CAL_Proj2.vcxproj -> C:\Users\Joao Trindade\CAL_Proj2\CAL_Proj2\Debug\CAL_Proj2.exe
       FinalizeBuildStatus:
         Deleting file "Debug\CAL_Proj2.unsuccessfulbuild".
         Touching "Debug\CAL_Proj2.lastbuildstate".
     1>Done Building Project "C:\Users\Joao Trindade\CAL_Proj2\CAL_Proj2\CAL_Proj2\CAL_Proj2.vcxproj" (build target(s)).

Build succeeded.

Time Elapsed 00:00:02.30
